<?xml version="1.0" encoding="UTF-8"?>
<!-- Generated by org.testng.reporters.JUnitReportReporter -->
<testsuite skipped="0" hostname="DESKTOP-8ULBBU5" name="org.thoufeeq.Thoufeeq" tests="1" failures="0" timestamp="07 Feb 2023 09:50:46 GMT" time="5.025" errors="0">
  <testcase name="meth1" time="5.025" classname="org.thoufeeq.Thoufeeq"/>
</testsuite> <!-- org.thoufeeq.Thoufeeq -->
