<?xml version="1.0" encoding="UTF-8"?>
<!-- Generated by org.testng.reporters.JUnitReportReporter -->
<testsuite skipped="0" hostname="DESKTOP-8ULBBU5" name="org.thoufeeq.Thoufeeq" tests="1" failures="0" timestamp="06 Feb 2023 18:20:33 GMT" time="4.206" errors="0">
  <testcase name="meth1" time="4.206" classname="org.thoufeeq.Thoufeeq"/>
</testsuite> <!-- org.thoufeeq.Thoufeeq -->
